  Lines.cpp
d:\毕设\gd_c\getanglemean\getanglemean\getanglemean\lines.cpp(57): warning C4244: “=”: 从“const int”转换到“_Tp”，可能丢失数据
          with
          [
              _Tp=float
          ]
d:\毕设\gd_c\getanglemean\getanglemean\getanglemean\lines.cpp(58): warning C4244: “=”: 从“double”转换到“_Tp”，可能丢失数据
          with
          [
              _Tp=float
          ]
d:\毕设\gd_c\getanglemean\getanglemean\getanglemean\lines.cpp(59): warning C4244: “=”: 从“double”转换到“_Tp”，可能丢失数据
          with
          [
              _Tp=float
          ]
d:\毕设\gd_c\getanglemean\getanglemean\getanglemean\lines.cpp(87): warning C4244: “=”: 从“double”转换到“_Tp”，可能丢失数据
          with
          [
              _Tp=float
          ]
d:\毕设\gd_c\getanglemean\getanglemean\getanglemean\lines.cpp(88): warning C4244: “=”: 从“double”转换到“_Tp”，可能丢失数据
          with
          [
              _Tp=float
          ]
d:\毕设\gd_c\getanglemean\getanglemean\getanglemean\lines.cpp(89): warning C4244: “=”: 从“double”转换到“_Tp”，可能丢失数据
          with
          [
              _Tp=float
          ]
d:\毕设\gd_c\getanglemean\getanglemean\getanglemean\lines.cpp(103): warning C4244: “=”: 从“double”转换到“_Tp”，可能丢失数据
          with
          [
              _Tp=float
          ]
d:\毕设\gd_c\getanglemean\getanglemean\getanglemean\lines.cpp(104): warning C4244: “=”: 从“double”转换到“_Tp”，可能丢失数据
          with
          [
              _Tp=float
          ]
d:\毕设\gd_c\getanglemean\getanglemean\getanglemean\lines.cpp(105): warning C4244: “=”: 从“double”转换到“_Tp”，可能丢失数据
          with
          [
              _Tp=float
          ]
  main.cpp
d:\毕设\gd_c\getanglemean\getanglemean\getanglemean\main.cpp(18): warning C4267: “参数”: 从“size_t”转换到“int”，可能丢失数据
d:\毕设\gd_c\getanglemean\getanglemean\getanglemean\main.cpp(68): warning C4244: “=”: 从“double”转换到“_Tp”，可能丢失数据
          with
          [
              _Tp=float
          ]
d:\毕设\gd_c\getanglemean\getanglemean\getanglemean\main.cpp(69): warning C4244: “=”: 从“double”转换到“_Tp”，可能丢失数据
          with
          [
              _Tp=float
          ]
d:\毕设\gd_c\getanglemean\getanglemean\getanglemean\main.cpp(70): warning C4244: “=”: 从“double”转换到“_Tp”，可能丢失数据
          with
          [
              _Tp=float
          ]
d:\毕设\gd_c\getanglemean\getanglemean\getanglemean\main.cpp(71): warning C4244: “=”: 从“double”转换到“_Tp”，可能丢失数据
          with
          [
              _Tp=float
          ]
  正在生成代码...
  getAngleMean.vcxproj -> D:\毕设\GD_C\getanglemean\getAngleMean\x64\Debug\getAngleMean.exe
