  getCross.cpp
d:\毕设\gd_c\getcross\getcross\getcross\getcross.cpp(31): warning C4244: “=”: 从“double”转换到“_Tp”，可能丢失数据
          with
          [
              _Tp=float
          ]
d:\毕设\gd_c\getcross\getcross\getcross\getcross.cpp(32): warning C4244: “=”: 从“double”转换到“_Tp”，可能丢失数据
          with
          [
              _Tp=float
          ]
d:\毕设\gd_c\getcross\getcross\getcross\getcross.cpp(68): warning C4244: “=”: 从“double”转换到“_Tp”，可能丢失数据
          with
          [
              _Tp=float
          ]
d:\毕设\gd_c\getcross\getcross\getcross\getcross.cpp(69): warning C4244: “=”: 从“double”转换到“_Tp”，可能丢失数据
          with
          [
              _Tp=float
          ]
  main.cpp
d:\毕设\gd_c\getcross\getcross\getcross\main.cpp(58): warning C4244: “=”: 从“double”转换到“_Tp”，可能丢失数据
          with
          [
              _Tp=float
          ]
d:\毕设\gd_c\getcross\getcross\getcross\main.cpp(59): warning C4244: “=”: 从“double”转换到“_Tp”，可能丢失数据
          with
          [
              _Tp=float
          ]
d:\毕设\gd_c\getcross\getcross\getcross\main.cpp(60): warning C4244: “=”: 从“double”转换到“_Tp”，可能丢失数据
          with
          [
              _Tp=float
          ]
d:\毕设\gd_c\getcross\getcross\getcross\main.cpp(61): warning C4244: “=”: 从“double”转换到“_Tp”，可能丢失数据
          with
          [
              _Tp=float
          ]
  正在生成代码...
  getcross.vcxproj -> D:\毕设\GD_C\getcross\getcross\x64\Debug\getcross.exe
